E, [2017-04-16 20:09:08 +0900 #82251] ERROR -- : node .

E, [2017-04-16 20:09:09 +0900 #82251] ERROR -- : Initializing Botkit v0.5.2

E, [2017-04-16 20:09:09 +0900 #82251] ERROR -- : info: ** No persistent storage method specified! Data may be lost when process shuts down.

E, [2017-04-16 20:09:12 +0900 #82251] ERROR -- : make[1]: *** [start] Terminated: 15

E, [2017-04-16 20:09:14 +0900 #82265] ERROR -- : _build/prod/rel/hedwig_demo/bin/hedwig_demo foreground

E, [2017-04-16 20:09:18 +0900 #82265] ERROR -- : 

E, [2017-04-16 20:09:18 +0900 #82265] ERROR -- : Shutting down..

E, [2017-04-16 20:09:19 +0900 #82265] ERROR -- : ok

E, [2017-04-16 20:09:24 +0900 #82265] ERROR -- : 
20:09:24.212 [error] Failed to start Ranch listener :hedwig_demo in :ranch_tcp:listen([port: 3000]) for reason :eaddrinuse (address already in use)


E, [2017-04-16 20:09:25 +0900 #82265] ERROR -- : make[1]: *** [start] Error 143

E, [2017-04-16 20:09:27 +0900 #82378] ERROR -- : node .

E, [2017-04-16 20:09:28 +0900 #82378] ERROR -- : Initializing Botkit v0.5.2

E, [2017-04-16 20:09:28 +0900 #82378] ERROR -- : info: ** No persistent storage method specified! Data may be lost when process shuts down.

E, [2017-04-16 20:09:31 +0900 #82378] ERROR -- : make[1]: *** [start] Terminated: 15

E, [2017-04-16 20:09:34 +0900 #82392] ERROR -- : _build/prod/rel/hedwig_demo/bin/hedwig_demo foreground

E, [2017-04-16 20:09:38 +0900 #82392] ERROR -- : 
Shutting down..

E, [2017-04-16 20:09:38 +0900 #82392] ERROR -- : ok

E, [2017-04-16 20:09:43 +0900 #82392] ERROR -- : 
20:09:43.543 [error] Failed to start Ranch listener :hedwig_demo in :ranch_tcp:listen([port: 3000]) for reason :eaddrinuse (address already in use)


E, [2017-04-16 20:09:45 +0900 #82392] ERROR -- : make[1]: *** [start] Error 143

E, [2017-04-16 20:09:47 +0900 #82505] ERROR -- : node .

E, [2017-04-16 20:09:47 +0900 #82505] ERROR -- : Initializing Botkit v0.5.2

E, [2017-04-16 20:09:47 +0900 #82505] ERROR -- : info: ** No persistent storage method specified! Data may be lost when process shuts down.

E, [2017-04-16 20:09:51 +0900 #82505] ERROR -- : make[1]: *** [start] Terminated: 15

E, [2017-04-16 20:09:53 +0900 #82519] ERROR -- : _build/prod/rel/hedwig_demo/bin/hedwig_demo foreground

E, [2017-04-16 20:09:57 +0900 #82519] ERROR -- : 
Shutting down..

E, [2017-04-16 20:09:57 +0900 #82519] ERROR -- : ok

E, [2017-04-16 20:10:02 +0900 #82519] ERROR -- : 
20:10:02.906 [error] Failed to start Ranch listener :hedwig_demo in :ranch_tcp:listen([port: 3000]) for reason :eaddrinuse (address already in use)


E, [2017-04-16 20:10:04 +0900 #82519] ERROR -- : make[1]: *** [start] Error 143

E, [2017-04-16 20:10:06 +0900 #82631] ERROR -- : node .

E, [2017-04-16 20:10:07 +0900 #82631] ERROR -- : Initializing Botkit v0.5.2

E, [2017-04-16 20:10:07 +0900 #82631] ERROR -- : info: ** No persistent storage method specified! Data may be lost when process shuts down.

E, [2017-04-16 20:10:10 +0900 #82631] ERROR -- : make[1]: *** [start] Terminated: 15

E, [2017-04-16 20:10:12 +0900 #82646] ERROR -- : _build/prod/rel/hedwig_demo/bin/hedwig_demo foreground

E, [2017-04-16 20:10:16 +0900 #82646] ERROR -- : 
Shutting down..

E, [2017-04-16 20:10:17 +0900 #82646] ERROR -- : ok

E, [2017-04-16 20:10:22 +0900 #82646] ERROR -- : 
20:10:22.307 [error] Failed to start Ranch listener :hedwig_demo in :ranch_tcp:listen([port: 3000]) for reason :eaddrinuse (address already in use)


E, [2017-04-16 20:10:24 +0900 #82646] ERROR -- : make[1]: 
E, [2017-04-16 20:10:24 +0900 #82646] ERROR -- : *** [start] Error 143

E, [2017-04-16 20:10:25 +0900 #82759] ERROR -- : node .

E, [2017-04-16 20:10:26 +0900 #82759] ERROR -- : Initializing Botkit v0.5.2

E, [2017-04-16 20:10:26 +0900 #82759] ERROR -- : info: ** No persistent storage method specified! Data may be lost when process shuts down.

E, [2017-04-16 20:10:30 +0900 #82759] ERROR -- : make[1]: *** [start] Terminated: 15

E, [2017-04-16 20:10:32 +0900 #82774] ERROR -- : _build/prod/rel/hedwig_demo/bin/hedwig_demo foreground

E, [2017-04-16 20:10:36 +0900 #82774] ERROR -- : 
Shutting down..

E, [2017-04-16 20:10:36 +0900 #82774] ERROR -- : ok

E, [2017-04-16 20:10:41 +0900 #82774] ERROR -- : 
20:10:41.661 [error] Failed to start Ranch listener :hedwig_demo in :ranch_tcp:listen([port: 3000]) for reason :eaddrinuse (address already in use)


E, [2017-04-16 20:10:43 +0900 #82774] ERROR -- : make[1]: *** [start] Error 143

E, [2017-04-16 20:10:45 +0900 #82886] ERROR -- : node .

E, [2017-04-16 20:10:45 +0900 #82886] ERROR -- : Initializing Botkit v0.5.2

E, [2017-04-16 20:10:45 +0900 #82886] ERROR -- : info: ** No persistent storage method specified! Data may be lost when process shuts down.

E, [2017-04-16 20:10:49 +0900 #82886] ERROR -- : make[1]: *** [start] Terminated: 15

E, [2017-04-16 20:10:51 +0900 #82901] ERROR -- : _build/prod/rel/hedwig_demo/bin/hedwig_demo foreground

E, [2017-04-16 20:10:55 +0900 #82901] ERROR -- : 

E, [2017-04-16 20:10:55 +0900 #82901] ERROR -- : Shutting down..

E, [2017-04-16 20:10:56 +0900 #82901] ERROR -- : ok

E, [2017-04-16 20:11:01 +0900 #82901] ERROR -- : 
20:11:01.039 [error] Failed to start Ranch listener :hedwig_demo in :ranch_tcp:listen([port: 3000]) for reason :eaddrinuse (address already in use)


E, [2017-04-16 20:11:02 +0900 #82901] ERROR -- : make[1]: *** [start] Error 143
E, [2017-04-16 20:11:02 +0900 #82901] ERROR -- : 

E, [2017-04-16 20:11:04 +0900 #83013] ERROR -- : node .

E, [2017-04-16 20:11:05 +0900 #83013] ERROR -- : Initializing Botkit v0.5.2

E, [2017-04-16 20:11:05 +0900 #83013] ERROR -- : info: ** No persistent storage method specified! Data may be lost when process shuts down.

E, [2017-04-16 20:11:22 +0900 #83013] ERROR -- : make[1]: *** [start] Terminated: 15

E, [2017-04-16 20:11:24 +0900 #83029] ERROR -- : _build/prod/rel/hedwig_demo/bin/hedwig_demo foreground

E, [2017-04-16 20:11:42 +0900 #83029] ERROR -- : 

E, [2017-04-16 20:11:42 +0900 #83029] ERROR -- : Shutting down..

E, [2017-04-16 20:11:43 +0900 #83029] ERROR -- : ok

E, [2017-04-16 20:11:48 +0900 #83029] ERROR -- : 
20:11:48.365 [error] Failed to start Ranch listener :hedwig_demo in :ranch_tcp:listen([port: 3000]) for reason :eaddrinuse (address already in use)


E, [2017-04-16 20:11:50 +0900 #83029] ERROR -- : make[1]: *** [start] Error 143

E, [2017-04-16 20:11:52 +0900 #83143] ERROR -- : node .

E, [2017-04-16 20:11:52 +0900 #83143] ERROR -- : Initializing Botkit v0.5.2

E, [2017-04-16 20:11:52 +0900 #83143] ERROR -- : info: ** No persistent storage method specified! Data may be lost when process shuts down.

E, [2017-04-16 20:12:10 +0900 #83143] ERROR -- : make[1]: *** [start] Terminated: 15

E, [2017-04-16 20:12:12 +0900 #83159] ERROR -- : _build/prod/rel/hedwig_demo/bin/hedwig_demo foreground

E, [2017-04-16 20:12:30 +0900 #83159] ERROR -- : 

E, [2017-04-16 20:12:30 +0900 #83159] ERROR -- : Shutting down..

E, [2017-04-16 20:12:30 +0900 #83159] ERROR -- : ok

E, [2017-04-16 20:12:35 +0900 #83159] ERROR -- : 
20:12:35.715 [error] Failed to start Ranch listener :hedwig_demo in :ranch_tcp:listen([port: 3000]) for reason :eaddrinuse (address already in use)


E, [2017-04-16 20:12:37 +0900 #83159] ERROR -- : make[1]: *** [start] Error 143

E, [2017-04-16 20:12:39 +0900 #83273] ERROR -- : node .

E, [2017-04-16 20:12:40 +0900 #83273] ERROR -- : Initializing Botkit v0.5.2

E, [2017-04-16 20:12:40 +0900 #83273] ERROR -- : info: ** No persistent storage method specified! Data may be lost when process shuts down.

E, [2017-04-16 20:12:57 +0900 #83273] ERROR -- : make[1]: *** [start] Terminated: 15

E, [2017-04-16 20:12:59 +0900 #83289] ERROR -- : _build/prod/rel/hedwig_demo/bin/hedwig_demo foreground

E, [2017-04-16 20:13:17 +0900 #83289] ERROR -- : 

E, [2017-04-16 20:13:17 +0900 #83289] ERROR -- : Shutting down..

E, [2017-04-16 20:13:18 +0900 #83289] ERROR -- : ok

E, [2017-04-16 20:13:23 +0900 #83289] ERROR -- : 
20:13:23.057 [error] Failed to start Ranch listener :hedwig_demo in :ranch_tcp:listen([port: 3000]) for reason :eaddrinuse (address already in use)


E, [2017-04-16 20:13:24 +0900 #83289] ERROR -- : make[1]: *** [start] Error 143

E, [2017-04-16 20:13:26 +0900 #83402] ERROR -- : node .

E, [2017-04-16 20:13:27 +0900 #83402] ERROR -- : Initializing Botkit v0.5.2

E, [2017-04-16 20:13:27 +0900 #83402] ERROR -- : info: ** No persistent storage method specified! Data may be lost when process shuts down.

E, [2017-04-16 20:13:44 +0900 #83402] ERROR -- : make[1]: *** [start] Terminated: 15

E, [2017-04-16 20:13:46 +0900 #83418] ERROR -- : _build/prod/rel/hedwig_demo/bin/hedwig_demo foreground

E, [2017-04-16 20:14:04 +0900 #83418] ERROR -- : 
Shutting down..

E, [2017-04-16 20:14:05 +0900 #83418] ERROR -- : ok

E, [2017-04-16 20:14:10 +0900 #83418] ERROR -- : 
20:14:10.416 [error] Failed to start Ranch listener :hedwig_demo in :ranch_tcp:listen([port: 3000]) for reason :eaddrinuse (address already in use)


E, [2017-04-16 20:14:12 +0900 #83418] ERROR -- : make[1]: *** [start] Error 143

E, [2017-04-16 20:14:14 +0900 #83532] ERROR -- : node .

E, [2017-04-16 20:14:14 +0900 #83532] ERROR -- : Initializing Botkit v0.5.2

E, [2017-04-16 20:14:14 +0900 #83532] ERROR -- : info: ** No persistent storage method specified! Data may be lost when process shuts down.

E, [2017-04-16 20:14:32 +0900 #83532] ERROR -- : make[1]: *** [start] Terminated: 15

E, [2017-04-16 20:14:34 +0900 #83549] ERROR -- : _build/prod/rel/hedwig_demo/bin/hedwig_demo foreground

E, [2017-04-16 20:14:48 +0900 #83549] ERROR -- : connect timed out
E, [2017-04-16 20:14:48 +0900 #83549] ERROR -- : connect timed out
E, [2017-04-16 20:14:48 +0900 #83549] ERROR -- : connect timed out
E, [2017-04-16 20:14:48 +0900 #83549] ERROR -- : connect timed out
E, [2017-04-16 20:14:48 +0900 #83549] ERROR -- : connect timed out
E, [2017-04-16 20:14:48 +0900 #83549] ERROR -- : Read timed out
E, [2017-04-16 20:14:48 +0900 #83549] ERROR -- : Read timed out
E, [2017-04-16 20:14:48 +0900 #83549] ERROR -- : connect timed out
E, [2017-04-16 20:14:48 +0900 #83549] ERROR -- : connect timed out
E, [2017-04-16 20:14:48 +0900 #83549] ERROR -- : connect timed out
E, [2017-04-16 20:14:48 +0900 #83549] ERROR -- : connect timed out
E, [2017-04-16 20:14:48 +0900 #83549] ERROR -- : connect timed out
E, [2017-04-16 20:14:48 +0900 #83549] ERROR -- : connect timed out
E, [2017-04-16 20:14:48 +0900 #83549] ERROR -- : connect timed out
E, [2017-04-16 20:14:48 +0900 #83549] ERROR -- : connect timed out
E, [2017-04-16 20:14:48 +0900 #83549] ERROR -- : Read timed out
E, [2017-04-16 20:14:48 +0900 #83549] ERROR -- : Read timed out
E, [2017-04-16 20:14:48 +0900 #83549] ERROR -- : Read timed out
E, [2017-04-16 20:14:48 +0900 #83549] ERROR -- : connect timed out
E, [2017-04-16 20:14:48 +0900 #83549] ERROR -- : Read timed out
E, [2017-04-16 20:14:48 +0900 #83549] ERROR -- : connect timed out
E, [2017-04-16 20:14:48 +0900 #83549] ERROR -- : connect timed out
E, [2017-04-16 20:14:48 +0900 #83549] ERROR -- : connect timed out
E, [2017-04-16 20:14:48 +0900 #83549] ERROR -- : connect timed out
E, [2017-04-16 20:14:48 +0900 #83549] ERROR -- : Read timed out
E, [2017-04-16 20:14:48 +0900 #83549] ERROR -- : Read timed out
E, [2017-04-16 20:14:48 +0900 #83549] ERROR -- : Read timed out
E, [2017-04-16 20:14:48 +0900 #83549] ERROR -- : Read timed out
E, [2017-04-16 20:14:48 +0900 #83549] ERROR -- : Read timed out
E, [2017-04-16 20:14:48 +0900 #83549] ERROR -- : connect timed out
E, [2017-04-16 20:14:52 +0900 #83549] ERROR -- : 
Shutting down..

E, [2017-04-16 20:14:52 +0900 #83549] ERROR -- : ok

E, [2017-04-16 20:14:57 +0900 #83549] ERROR -- : 
20:14:57.792 [error] Failed to start Ranch listener :hedwig_demo in :ranch_tcp:listen([port: 3000]) for reason :eaddrinuse (address already in use)


E, [2017-04-16 20:14:59 +0900 #83549] ERROR -- : make[1]: *** [start] Error 143

E, [2017-04-16 20:15:01 +0900 #83663] ERROR -- : node .

E, [2017-04-16 20:15:02 +0900 #83663] ERROR -- : Initializing Botkit v0.5.2

E, [2017-04-16 20:15:02 +0900 #83663] ERROR -- : info: ** No persistent storage method specified! Data may be lost when process shuts down.

E, [2017-04-16 20:15:19 +0900 #83663] ERROR -- : make[1]: *** [start] Terminated: 15

E, [2017-04-16 20:15:21 +0900 #83679] ERROR -- : _build/prod/rel/hedwig_demo/bin/hedwig_demo foreground

E, [2017-04-16 20:15:39 +0900 #83679] ERROR -- : 
Shutting down..

E, [2017-04-16 20:15:40 +0900 #83679] ERROR -- : ok

E, [2017-04-16 20:15:45 +0900 #83679] ERROR -- : 
20:15:45.178 [error] Failed to start Ranch listener :hedwig_demo in :ranch_tcp:listen([port: 3000]) for reason :eaddrinuse (address already in use)


E, [2017-04-16 20:15:46 +0900 #83679] ERROR -- : make[1]: *** [start] Error 143

E, [2017-04-16 20:15:48 +0900 #83793] ERROR -- : node .

E, [2017-04-16 20:15:49 +0900 #83793] ERROR -- : Initializing Botkit v0.5.2

E, [2017-04-16 20:15:49 +0900 #83793] ERROR -- : info: ** No persistent storage method specified! Data may be lost when process shuts down.

E, [2017-04-16 20:16:21 +0900 #83793] ERROR -- : make[1]: *** [start] Terminated: 15

E, [2017-04-16 20:16:24 +0900 #83815] ERROR -- : _build/prod/rel/hedwig_demo/bin/hedwig_demo foreground

E, [2017-04-16 20:16:57 +0900 #83815] ERROR -- : 

E, [2017-04-16 20:16:57 +0900 #83815] ERROR -- : Shutting down..

E, [2017-04-16 20:16:57 +0900 #83815] ERROR -- : ok

E, [2017-04-16 20:17:02 +0900 #83815] ERROR -- : 
20:17:02.549 [error] Failed to start Ranch listener :hedwig_demo in :ranch_tcp:listen([port: 3000]) for reason :eaddrinuse (address already in use)


E, [2017-04-16 20:17:04 +0900 #83815] ERROR -- : make[1]: *** [start] Error 143

E, [2017-04-16 20:17:06 +0900 #83934] ERROR -- : node .

E, [2017-04-16 20:17:06 +0900 #83934] ERROR -- : Initializing Botkit v0.5.2

E, [2017-04-16 20:17:06 +0900 #83934] ERROR -- : info: ** No persistent storage method specified! Data may be lost when process shuts down.

E, [2017-04-16 20:17:39 +0900 #83934] ERROR -- : make[1]: *** [start] Terminated: 15

E, [2017-04-16 20:17:41 +0900 #83952] ERROR -- : _build/prod/rel/hedwig_demo/bin/hedwig_demo foreground

E, [2017-04-16 20:18:10 +0900 #83952] ERROR -- : connect timed out
E, [2017-04-16 20:18:10 +0900 #83952] ERROR -- : connect timed out
E, [2017-04-16 20:18:10 +0900 #83952] ERROR -- : connect timed out
E, [2017-04-16 20:18:10 +0900 #83952] ERROR -- : connect timed out
E, [2017-04-16 20:18:10 +0900 #83952] ERROR -- : connect timed out
E, [2017-04-16 20:18:11 +0900 #83952] ERROR -- : connect timed out
E, [2017-04-16 20:18:12 +0900 #83952] ERROR -- : connect timed out
E, [2017-04-16 20:18:12 +0900 #83952] ERROR -- : connect timed out
E, [2017-04-16 20:18:12 +0900 #83952] ERROR -- : connect timed out
E, [2017-04-16 20:18:12 +0900 #83952] ERROR -- : connect timed out
E, [2017-04-16 20:18:13 +0900 #83952] ERROR -- : connect timed out
E, [2017-04-16 20:18:13 +0900 #83952] ERROR -- : connect timed out
E, [2017-04-16 20:18:14 +0900 #83952] ERROR -- : connect timed out
E, [2017-04-16 20:18:14 +0900 #83952] ERROR -- : connect timed out
E, [2017-04-16 20:18:14 +0900 #83952] ERROR -- : connect timed out
E, [2017-04-16 20:18:14 +0900 #83952] ERROR -- : 
Shutting down..

E, [2017-04-16 20:18:14 +0900 #83952] ERROR -- : connect timed out
E, [2017-04-16 20:18:14 +0900 #83952] ERROR -- : connect timed out
E, [2017-04-16 20:18:14 +0900 #83952] ERROR -- : ok

E, [2017-04-16 20:18:19 +0900 #83952] ERROR -- : 
20:18:19.977 [error] Failed to start Ranch listener :hedwig_demo in :ranch_tcp:listen([port: 3000]) for reason :eaddrinuse (address already in use)


E, [2017-04-16 20:18:21 +0900 #83952] ERROR -- : make[1]: *** [start] Error 143

E, [2017-04-16 20:18:23 +0900 #84068] ERROR -- : node .

E, [2017-04-16 20:18:24 +0900 #84068] ERROR -- : Initializing Botkit v0.5.2

E, [2017-04-16 20:18:24 +0900 #84068] ERROR -- : info: ** No persistent storage method specified! Data may be lost when process shuts down.

E, [2017-04-16 20:19:22 +0900 #84068] ERROR -- : make[1]: *** [start] Terminated: 15

E, [2017-04-16 20:19:24 +0900 #84089] ERROR -- : _build/prod/rel/hedwig_demo/bin/hedwig_demo foreground

E, [2017-04-16 20:19:54 +0900 #84089] ERROR -- : connect timed out
E, [2017-04-16 20:19:54 +0900 #84089] ERROR -- : connect timed out
E, [2017-04-16 20:19:54 +0900 #84089] ERROR -- : connect timed out
E, [2017-04-16 20:19:54 +0900 #84089] ERROR -- : connect timed out
E, [2017-04-16 20:19:54 +0900 #84089] ERROR -- : connect timed out
E, [2017-04-16 20:19:54 +0900 #84089] ERROR -- : connect timed out
E, [2017-04-16 20:19:54 +0900 #84089] ERROR -- : connect timed out
E, [2017-04-16 20:19:54 +0900 #84089] ERROR -- : connect timed out
E, [2017-04-16 20:19:54 +0900 #84089] ERROR -- : connect timed out
E, [2017-04-16 20:19:54 +0900 #84089] ERROR -- : connect timed out
E, [2017-04-16 20:19:54 +0900 #84089] ERROR -- : connect timed out
E, [2017-04-16 20:19:54 +0900 #84089] ERROR -- : connect timed out
E, [2017-04-16 20:19:54 +0900 #84089] ERROR -- : connect timed out
E, [2017-04-16 20:19:54 +0900 #84089] ERROR -- : connect timed out
E, [2017-04-16 20:20:01 +0900 #84089] ERROR -- : connect timed out
E, [2017-04-16 20:20:01 +0900 #84089] ERROR -- : connect timed out
E, [2017-04-16 20:20:01 +0900 #84089] ERROR -- : connect timed out
E, [2017-04-16 20:20:01 +0900 #84089] ERROR -- : connect timed out
E, [2017-04-16 20:20:02 +0900 #84089] ERROR -- : connect timed out
E, [2017-04-16 20:20:02 +0900 #84089] ERROR -- : connect timed out
E, [2017-04-16 20:20:02 +0900 #84089] ERROR -- : connect timed out
E, [2017-04-16 20:20:02 +0900 #84089] ERROR -- : connect timed out
E, [2017-04-16 20:20:02 +0900 #84089] ERROR -- : connect timed out
E, [2017-04-16 20:20:03 +0900 #84089] ERROR -- : connect timed out
E, [2017-04-16 20:20:03 +0900 #84089] ERROR -- : connect timed out
E, [2017-04-16 20:20:03 +0900 #84089] ERROR -- : connect timed out
E, [2017-04-16 20:20:03 +0900 #84089] ERROR -- : connect timed out
E, [2017-04-16 20:20:03 +0900 #84089] ERROR -- : connect timed out
E, [2017-04-16 20:20:04 +0900 #84089] ERROR -- : connect timed out
E, [2017-04-16 20:20:04 +0900 #84089] ERROR -- : connect timed out
E, [2017-04-16 20:20:23 +0900 #84089] ERROR -- : 

E, [2017-04-16 20:20:23 +0900 #84089] ERROR -- : Shutting down..

E, [2017-04-16 20:20:24 +0900 #84089] ERROR -- : ok

E, [2017-04-16 20:20:29 +0900 #84089] ERROR -- : 
20:20:29.083 [error] Failed to start Ranch listener :hedwig_demo in :ranch_tcp:listen([port: 3000]) for reason :eaddrinuse (address already in use)


E, [2017-04-16 20:20:30 +0900 #84089] ERROR -- : make[1]: *** [start] Error 143

E, [2017-04-16 20:20:32 +0900 #84207] ERROR -- : node .

E, [2017-04-16 20:20:33 +0900 #84207] ERROR -- : Initializing Botkit v0.5.2

E, [2017-04-16 20:20:33 +0900 #84207] ERROR -- : info: ** No persistent storage method specified! Data may be lost when process shuts down.

E, [2017-04-16 20:21:05 +0900 #84207] ERROR -- : make[1]: *** [start] Terminated: 15

E, [2017-04-16 20:21:07 +0900 #84224] ERROR -- : _build/prod/rel/hedwig_demo/bin/hedwig_demo foreground

E, [2017-04-16 20:21:41 +0900 #84224] ERROR -- : 

E, [2017-04-16 20:21:41 +0900 #84224] ERROR -- : Shutting down..

E, [2017-04-16 20:21:41 +0900 #84224] ERROR -- : ok

E, [2017-04-16 20:21:46 +0900 #84224] ERROR -- : 
20:21:46.447 [error] Failed to start Ranch listener :hedwig_demo in :ranch_tcp:listen([port: 3000]) for reason :eaddrinuse (address already in use)


E, [2017-04-16 20:21:48 +0900 #84224] ERROR -- : make[1]: *** [start] Error 143

E, [2017-04-16 20:21:50 +0900 #84340] ERROR -- : node .

E, [2017-04-16 20:21:50 +0900 #84340] ERROR -- : Initializing Botkit v0.5.2

E, [2017-04-16 20:21:50 +0900 #84340] ERROR -- : info: ** No persistent storage method specified! Data may be lost when process shuts down.

E, [2017-04-16 20:22:23 +0900 #84340] ERROR -- : make[1]: *** [start] Terminated: 15

E, [2017-04-16 20:22:25 +0900 #84357] ERROR -- : _build/prod/rel/hedwig_demo/bin/hedwig_demo foreground

E, [2017-04-16 20:22:33 +0900 #84357] ERROR -- : connect timed out
E, [2017-04-16 20:22:33 +0900 #84357] ERROR -- : connect timed out
E, [2017-04-16 20:22:33 +0900 #84357] ERROR -- : connect timed out
E, [2017-04-16 20:22:33 +0900 #84357] ERROR -- : connect timed out
E, [2017-04-16 20:22:33 +0900 #84357] ERROR -- : connect timed out
E, [2017-04-16 20:22:33 +0900 #84357] ERROR -- : connect timed out
E, [2017-04-16 20:22:33 +0900 #84357] ERROR -- : connect timed out
E, [2017-04-16 20:22:33 +0900 #84357] ERROR -- : connect timed out
E, [2017-04-16 20:22:34 +0900 #84357] ERROR -- : connect timed out
E, [2017-04-16 20:22:34 +0900 #84357] ERROR -- : connect timed out
E, [2017-04-16 20:22:35 +0900 #84357] ERROR -- : connect timed out
E, [2017-04-16 20:22:35 +0900 #84357] ERROR -- : connect timed out
E, [2017-04-16 20:22:35 +0900 #84357] ERROR -- : connect timed out
E, [2017-04-16 20:22:35 +0900 #84357] ERROR -- : connect timed out
E, [2017-04-16 20:22:35 +0900 #84357] ERROR -- : connect timed out
E, [2017-04-16 20:22:35 +0900 #84357] ERROR -- : connect timed out
E, [2017-04-16 20:22:35 +0900 #84357] ERROR -- : connect timed out
E, [2017-04-16 20:22:35 +0900 #84357] ERROR -- : connect timed out
E, [2017-04-16 20:22:35 +0900 #84357] ERROR -- : connect timed out
E, [2017-04-16 20:22:35 +0900 #84357] ERROR -- : connect timed out
E, [2017-04-16 20:22:35 +0900 #84357] ERROR -- : connect timed out
E, [2017-04-16 20:22:35 +0900 #84357] ERROR -- : connect timed out
E, [2017-04-16 20:22:35 +0900 #84357] ERROR -- : connect timed out
E, [2017-04-16 20:22:35 +0900 #84357] ERROR -- : connect timed out
E, [2017-04-16 20:22:37 +0900 #84357] ERROR -- : connect timed out
E, [2017-04-16 20:22:37 +0900 #84357] ERROR -- : connect timed out
E, [2017-04-16 20:22:37 +0900 #84357] ERROR -- : connect timed out
E, [2017-04-16 20:22:37 +0900 #84357] ERROR -- : connect timed out
E, [2017-04-16 20:22:37 +0900 #84357] ERROR -- : connect timed out
E, [2017-04-16 20:22:39 +0900 #84357] ERROR -- : connect timed out
E, [2017-04-16 20:22:39 +0900 #84357] ERROR -- : connect timed out
E, [2017-04-16 20:22:39 +0900 #84357] ERROR -- : connect timed out
E, [2017-04-16 20:22:39 +0900 #84357] ERROR -- : connect timed out
E, [2017-04-16 20:22:39 +0900 #84357] ERROR -- : connect timed out
E, [2017-04-16 20:22:40 +0900 #84357] ERROR -- : connect timed out
E, [2017-04-16 20:22:41 +0900 #84357] ERROR -- : connect timed out
E, [2017-04-16 20:22:41 +0900 #84357] ERROR -- : connect timed out
E, [2017-04-16 20:22:41 +0900 #84357] ERROR -- : connect timed out
E, [2017-04-16 20:22:41 +0900 #84357] ERROR -- : connect timed out
E, [2017-04-16 20:22:41 +0900 #84357] ERROR -- : connect timed out
E, [2017-04-16 20:22:41 +0900 #84357] ERROR -- : connect timed out
E, [2017-04-16 20:22:41 +0900 #84357] ERROR -- : connect timed out
E, [2017-04-16 20:22:44 +0900 #84357] ERROR -- : connect timed out
E, [2017-04-16 20:22:44 +0900 #84357] ERROR -- : connect timed out
E, [2017-04-16 20:22:44 +0900 #84357] ERROR -- : connect timed out
E, [2017-04-16 20:22:44 +0900 #84357] ERROR -- : connect timed out
E, [2017-04-16 20:22:44 +0900 #84357] ERROR -- : connect timed out
E, [2017-04-16 20:22:44 +0900 #84357] ERROR -- : connect timed out
E, [2017-04-16 20:22:44 +0900 #84357] ERROR -- : connect timed out
E, [2017-04-16 20:22:44 +0900 #84357] ERROR -- : connect timed out
E, [2017-04-16 20:22:44 +0900 #84357] ERROR -- : Read timed out
E, [2017-04-16 20:22:44 +0900 #84357] ERROR -- : Read timed out
E, [2017-04-16 20:22:44 +0900 #84357] ERROR -- : Read timed out
E, [2017-04-16 20:22:44 +0900 #84357] ERROR -- : Read timed out
E, [2017-04-16 20:22:44 +0900 #84357] ERROR -- : Read timed out
E, [2017-04-16 20:22:44 +0900 #84357] ERROR -- : Read timed out
E, [2017-04-16 20:22:44 +0900 #84357] ERROR -- : Read timed out
E, [2017-04-16 20:22:58 +0900 #84357] ERROR -- : 

E, [2017-04-16 20:22:58 +0900 #84357] ERROR -- : Shutting down..

E, [2017-04-16 20:22:58 +0900 #84357] ERROR -- : ok

E, [2017-04-16 20:23:03 +0900 #84357] ERROR -- : 
20:23:03.794 [error] Failed to start Ranch listener :hedwig_demo in :ranch_tcp:listen([port: 3000]) for reason :eaddrinuse (address already in use)


E, [2017-04-16 20:23:05 +0900 #84357] ERROR -- : make[1]: *** [start] Error 143

E, [2017-04-16 20:23:07 +0900 #84473] ERROR -- : node .

E, [2017-04-16 20:23:08 +0900 #84473] ERROR -- : Initializing Botkit v0.5.2

E, [2017-04-16 20:23:08 +0900 #84473] ERROR -- : info: ** No persistent storage method specified! Data may be lost when process shuts down.

E, [2017-04-16 20:23:40 +0900 #84473] ERROR -- : make[1]: *** [start] Terminated: 15

E, [2017-04-16 20:23:42 +0900 #84491] ERROR -- : _build/prod/rel/hedwig_demo/bin/hedwig_demo foreground

E, [2017-04-16 20:24:13 +0900 #84491] ERROR -- : connect timed out
E, [2017-04-16 20:24:13 +0900 #84491] ERROR -- : connect timed out
E, [2017-04-16 20:24:13 +0900 #84491] ERROR -- : connect timed out
E, [2017-04-16 20:24:13 +0900 #84491] ERROR -- : connect timed out
E, [2017-04-16 20:24:13 +0900 #84491] ERROR -- : connect timed out
E, [2017-04-16 20:24:13 +0900 #84491] ERROR -- : connect timed out
E, [2017-04-16 20:24:13 +0900 #84491] ERROR -- : connect timed out
E, [2017-04-16 20:24:13 +0900 #84491] ERROR -- : connect timed out
E, [2017-04-16 20:24:13 +0900 #84491] ERROR -- : connect timed out
E, [2017-04-16 20:24:13 +0900 #84491] ERROR -- : connect timed out
E, [2017-04-16 20:24:15 +0900 #84491] ERROR -- : connect timed out
E, [2017-04-16 20:24:15 +0900 #84491] ERROR -- : connect timed out
E, [2017-04-16 20:24:15 +0900 #84491] ERROR -- : 
Shutting down..

E, [2017-04-16 20:24:15 +0900 #84491] ERROR -- : connect timed out
E, [2017-04-16 20:24:15 +0900 #84491] ERROR -- : connect timed out
E, [2017-04-16 20:24:15 +0900 #84491] ERROR -- : connect timed out
E, [2017-04-16 20:24:15 +0900 #84491] ERROR -- : connect timed out
E, [2017-04-16 20:24:15 +0900 #84491] ERROR -- : connect timed out
E, [2017-04-16 20:24:15 +0900 #84491] ERROR -- : connect timed out
E, [2017-04-16 20:24:15 +0900 #84491] ERROR -- : connect timed out
E, [2017-04-16 20:24:15 +0900 #84491] ERROR -- : connect timed out
E, [2017-04-16 20:24:15 +0900 #84491] ERROR -- : connect timed out
E, [2017-04-16 20:24:16 +0900 #84491] ERROR -- : ok

E, [2017-04-16 20:24:16 +0900 #84491] ERROR -- : connect timed out
E, [2017-04-16 20:24:16 +0900 #84491] ERROR -- : connect timed out
E, [2017-04-16 20:24:16 +0900 #84491] ERROR -- : connect timed out
E, [2017-04-16 20:24:16 +0900 #84491] ERROR -- : connect timed out
E, [2017-04-16 20:24:16 +0900 #84491] ERROR -- : connect timed out
E, [2017-04-16 20:24:16 +0900 #84491] ERROR -- : connect timed out
E, [2017-04-16 20:24:16 +0900 #84491] ERROR -- : connect timed out
E, [2017-04-16 20:24:16 +0900 #84491] ERROR -- : connect timed out
E, [2017-04-16 20:24:16 +0900 #84491] ERROR -- : connect timed out
E, [2017-04-16 20:24:16 +0900 #84491] ERROR -- : connect timed out
E, [2017-04-16 20:24:16 +0900 #84491] ERROR -- : connect timed out
E, [2017-04-16 20:24:16 +0900 #84491] ERROR -- : connect timed out
E, [2017-04-16 20:24:16 +0900 #84491] ERROR -- : connect timed out
E, [2017-04-16 20:24:16 +0900 #84491] ERROR -- : connect timed out
E, [2017-04-16 20:24:21 +0900 #84491] ERROR -- : 
20:24:21.269 [error] Failed to start Ranch listener :hedwig_demo in :ranch_tcp:listen([port: 3000]) for reason :eaddrinuse (address already in use)


E, [2017-04-16 20:24:23 +0900 #84491] ERROR -- : make[1]: *** [start] Error 143

